[INFO] [2017-08-07 09:46:43][org.springframework.beans.factory.xml.XmlBeanDefinitionReader]Loading XML bean definitions from class path resource [applicationContext.xml]
[INFO] [2017-08-07 09:46:44][org.springframework.context.annotation.ClassPathBeanDefinitionScanner]JSR-250 'javax.annotation.ManagedBean' found and supported for component scanning
[INFO] [2017-08-07 09:46:44][org.springframework.context.annotation.ClassPathBeanDefinitionScanner]JSR-330 'javax.inject.Named' annotation found and supported for component scanning
[INFO] [2017-08-07 09:46:44][org.springframework.context.support.GenericApplicationContext]Refreshing org.springframework.context.support.GenericApplicationContext@570698ea: startup date [Mon Aug 07 09:46:44 CST 2017]; root of context hierarchy
[INFO] [2017-08-07 09:46:44][org.springframework.context.support.PropertySourcesPlaceholderConfigurer]Loading properties file from class path resource [config.properties]
[INFO] [2017-08-07 09:46:44][org.springframework.beans.factory.annotation.AutowiredAnnotationBeanPostProcessor]JSR-330 'javax.inject.Inject' annotation found and supported for autowiring
[INFO] [2017-08-07 09:46:44][org.springframework.beans.factory.support.DefaultListableBeanFactory]Pre-instantiating singletons in org.springframework.beans.factory.support.DefaultListableBeanFactory@1c5e18c7: defining beans [org.springframework.context.support.PropertySourcesPlaceholderConfigurer#0,loginController,user,org.springframework.context.annotation.internalConfigurationAnnotationProcessor,org.springframework.context.annotation.internalAutowiredAnnotationProcessor,org.springframework.context.annotation.internalRequiredAnnotationProcessor,org.springframework.context.annotation.internalCommonAnnotationProcessor,org.springframework.context.annotation.internalPersistenceAnnotationProcessor,org.springframework.aop.config.internalAutoProxyCreator,org.springframework.cache.annotation.AnnotationCacheOperationSource#0,org.springframework.cache.interceptor.CacheInterceptor#0,org.springframework.cache.config.internalCacheAdvisor,dataSource,sqlSessionFactory,org.mybatis.spring.mapper.MapperScannerConfigurer#0,cacheManager,cache,org.springframework.context.annotation.ConfigurationClassPostProcessor.importAwareProcessor,userMapper]; root of factory hierarchy
[INFO] [2017-08-07 09:46:46][org.springframework.beans.factory.support.DefaultListableBeanFactory]Destroying singletons in org.springframework.beans.factory.support.DefaultListableBeanFactory@1c5e18c7: defining beans [org.springframework.context.support.PropertySourcesPlaceholderConfigurer#0,loginController,user,org.springframework.context.annotation.internalConfigurationAnnotationProcessor,org.springframework.context.annotation.internalAutowiredAnnotationProcessor,org.springframework.context.annotation.internalRequiredAnnotationProcessor,org.springframework.context.annotation.internalCommonAnnotationProcessor,org.springframework.context.annotation.internalPersistenceAnnotationProcessor,org.springframework.aop.config.internalAutoProxyCreator,org.springframework.cache.annotation.AnnotationCacheOperationSource#0,org.springframework.cache.interceptor.CacheInterceptor#0,org.springframework.cache.config.internalCacheAdvisor,dataSource,sqlSessionFactory,org.mybatis.spring.mapper.MapperScannerConfigurer#0,cacheManager,cache,org.springframework.context.annotation.ConfigurationClassPostProcessor.importAwareProcessor,userMapper]; root of factory hierarchy
[ERROR] [2017-08-07 09:46:46][org.springframework.test.context.TestContextManager]Caught exception while allowing TestExecutionListener [org.springframework.test.context.web.ServletTestExecutionListener@1acf8b94] to prepare test instance [com.lcq.test.UserTest@2fd4af4c]
java.lang.IllegalStateException: Failed to load ApplicationContext
	at org.springframework.test.context.TestContext.getApplicationContext(TestContext.java:157)
	at org.springframework.test.context.web.ServletTestExecutionListener.setUpRequestContextIfNecessary(ServletTestExecutionListener.java:103)
	at org.springframework.test.context.web.ServletTestExecutionListener.prepareTestInstance(ServletTestExecutionListener.java:73)
	at org.springframework.test.context.TestContextManager.prepareTestInstance(TestContextManager.java:313)
	at org.springframework.test.context.junit4.SpringJUnit4ClassRunner.createTest(SpringJUnit4ClassRunner.java:211)
	at org.springframework.test.context.junit4.SpringJUnit4ClassRunner$1.runReflectiveCall(SpringJUnit4ClassRunner.java:288)
	at org.junit.internal.runners.model.ReflectiveCallable.run(ReflectiveCallable.java:15)
	at org.springframework.test.context.junit4.SpringJUnit4ClassRunner.methodBlock(SpringJUnit4ClassRunner.java:284)
	at org.springframework.test.context.junit4.SpringJUnit4ClassRunner.runChild(SpringJUnit4ClassRunner.java:231)
	at org.springframework.test.context.junit4.SpringJUnit4ClassRunner.runChild(SpringJUnit4ClassRunner.java:88)
	at org.junit.runners.ParentRunner$3.run(ParentRunner.java:193)
	at org.junit.runners.ParentRunner$1.schedule(ParentRunner.java:52)
	at org.junit.runners.ParentRunner.runChildren(ParentRunner.java:191)
	at org.junit.runners.ParentRunner.access$000(ParentRunner.java:42)
	at org.junit.runners.ParentRunner$2.evaluate(ParentRunner.java:184)
	at org.springframework.test.context.junit4.statements.RunBeforeTestClassCallbacks.evaluate(RunBeforeTestClassCallbacks.java:61)
	at org.springframework.test.context.junit4.statements.RunAfterTestClassCallbacks.evaluate(RunAfterTestClassCallbacks.java:71)
	at org.junit.runners.ParentRunner.run(ParentRunner.java:236)
	at org.springframework.test.context.junit4.SpringJUnit4ClassRunner.run(SpringJUnit4ClassRunner.java:174)
	at org.eclipse.jdt.internal.junit4.runner.JUnit4TestReference.run(JUnit4TestReference.java:50)
	at org.eclipse.jdt.internal.junit.runner.TestExecution.run(TestExecution.java:38)
	at org.eclipse.jdt.internal.junit.runner.RemoteTestRunner.runTests(RemoteTestRunner.java:467)
	at org.eclipse.jdt.internal.junit.runner.RemoteTestRunner.runTests(RemoteTestRunner.java:683)
	at org.eclipse.jdt.internal.junit.runner.RemoteTestRunner.run(RemoteTestRunner.java:390)
	at org.eclipse.jdt.internal.junit.runner.RemoteTestRunner.main(RemoteTestRunner.java:197)
Caused by: org.springframework.beans.factory.BeanCreationException: Error creating bean with name 'org.springframework.cache.interceptor.CacheInterceptor#0': Cannot resolve reference to bean 'cacheManager' while setting bean property 'cacheManager'; nested exception is org.springframework.beans.factory.BeanCreationException: Error creating bean with name 'cacheManager' defined in class path resource [applicationContext.xml]: Cannot resolve reference to bean 'cache' while setting bean property 'cacheManager'; nested exception is org.springframework.beans.factory.BeanCreationException: Error creating bean with name 'cache' defined in class path resource [applicationContext.xml]: Error setting property values; nested exception is org.springframework.beans.NotWritablePropertyException: Invalid property 'configureLocation' of bean class [org.springframework.cache.ehcache.EhCacheManagerFactoryBean]: Bean property 'configureLocation' is not writable or has an invalid setter method. Does the parameter type of the setter match the return type of the getter?
	at org.springframework.beans.factory.support.BeanDefinitionValueResolver.resolveReference(BeanDefinitionValueResolver.java:329)
	at org.springframework.beans.factory.support.BeanDefinitionValueResolver.resolveValueIfNecessary(BeanDefinitionValueResolver.java:107)
	at org.springframework.beans.factory.support.AbstractAutowireCapableBeanFactory.applyPropertyValues(AbstractAutowireCapableBeanFactory.java:1391)
	at org.springframework.beans.factory.support.AbstractAutowireCapableBeanFactory.populateBean(AbstractAutowireCapableBeanFactory.java:1132)
	at org.springframework.beans.factory.support.AbstractAutowireCapableBeanFactory.doCreateBean(AbstractAutowireCapableBeanFactory.java:522)
	at org.springframework.beans.factory.support.AbstractAutowireCapableBeanFactory.createBean(AbstractAutowireCapableBeanFactory.java:461)
	at org.springframework.beans.factory.support.AbstractBeanFactory$1.getObject(AbstractBeanFactory.java:295)
	at org.springframework.beans.factory.support.DefaultSingletonBeanRegistry.getSingleton(DefaultSingletonBeanRegistry.java:223)
	at org.springframework.beans.factory.support.AbstractBeanFactory.doGetBean(AbstractBeanFactory.java:292)
	at org.springframework.beans.factory.support.AbstractBeanFactory.getBean(AbstractBeanFactory.java:194)
	at org.springframework.beans.factory.support.DefaultListableBeanFactory.preInstantiateSingletons(DefaultListableBeanFactory.java:607)
	at org.springframework.context.support.AbstractApplicationContext.finishBeanFactoryInitialization(AbstractApplicationContext.java:932)
	at org.springframework.context.support.AbstractApplicationContext.refresh(AbstractApplicationContext.java:479)
	at org.springframework.test.context.support.AbstractGenericContextLoader.loadContext(AbstractGenericContextLoader.java:106)
	at org.springframework.test.context.support.AbstractGenericContextLoader.loadContext(AbstractGenericContextLoader.java:57)
	at org.springframework.test.context.support.AbstractDelegatingSmartContextLoader.delegateLoading(AbstractDelegatingSmartContextLoader.java:100)
	at org.springframework.test.context.support.AbstractDelegatingSmartContextLoader.loadContext(AbstractDelegatingSmartContextLoader.java:248)
	at org.springframework.test.context.TestContext.loadApplicationContext(TestContext.java:124)
	at org.springframework.test.context.TestContext.getApplicationContext(TestContext.java:148)
	... 24 more
Caused by: org.springframework.beans.factory.BeanCreationException: Error creating bean with name 'cacheManager' defined in class path resource [applicationContext.xml]: Cannot resolve reference to bean 'cache' while setting bean property 'cacheManager'; nested exception is org.springframework.beans.factory.BeanCreationException: Error creating bean with name 'cache' defined in class path resource [applicationContext.xml]: Error setting property values; nested exception is org.springframework.beans.NotWritablePropertyException: Invalid property 'configureLocation' of bean class [org.springframework.cache.ehcache.EhCacheManagerFactoryBean]: Bean property 'configureLocation' is not writable or has an invalid setter method. Does the parameter type of the setter match the return type of the getter?
	at org.springframework.beans.factory.support.BeanDefinitionValueResolver.resolveReference(BeanDefinitionValueResolver.java:329)
	at org.springframework.beans.factory.support.BeanDefinitionValueResolver.resolveValueIfNecessary(BeanDefinitionValueResolver.java:107)
	at org.springframework.beans.factory.support.AbstractAutowireCapableBeanFactory.applyPropertyValues(AbstractAutowireCapableBeanFactory.java:1391)
	at org.springframework.beans.factory.support.AbstractAutowireCapableBeanFactory.populateBean(AbstractAutowireCapableBeanFactory.java:1132)
	at org.springframework.beans.factory.support.AbstractAutowireCapableBeanFactory.doCreateBean(AbstractAutowireCapableBeanFactory.java:522)
	at org.springframework.beans.factory.support.AbstractAutowireCapableBeanFactory.createBean(AbstractAutowireCapableBeanFactory.java:461)
	at org.springframework.beans.factory.support.AbstractBeanFactory$1.getObject(AbstractBeanFactory.java:295)
	at org.springframework.beans.factory.support.DefaultSingletonBeanRegistry.getSingleton(DefaultSingletonBeanRegistry.java:223)
	at org.springframework.beans.factory.support.AbstractBeanFactory.doGetBean(AbstractBeanFactory.java:292)
	at org.springframework.beans.factory.support.AbstractBeanFactory.getBean(AbstractBeanFactory.java:194)
	at org.springframework.beans.factory.support.BeanDefinitionValueResolver.resolveReference(BeanDefinitionValueResolver.java:323)
	... 42 more
Caused by: org.springframework.beans.factory.BeanCreationException: Error creating bean with name 'cache' defined in class path resource [applicationContext.xml]: Error setting property values; nested exception is org.springframework.beans.NotWritablePropertyException: Invalid property 'configureLocation' of bean class [org.springframework.cache.ehcache.EhCacheManagerFactoryBean]: Bean property 'configureLocation' is not writable or has an invalid setter method. Does the parameter type of the setter match the return type of the getter?
	at org.springframework.beans.factory.support.AbstractAutowireCapableBeanFactory.applyPropertyValues(AbstractAutowireCapableBeanFactory.java:1427)
	at org.springframework.beans.factory.support.AbstractAutowireCapableBeanFactory.populateBean(AbstractAutowireCapableBeanFactory.java:1132)
	at org.springframework.beans.factory.support.AbstractAutowireCapableBeanFactory.doCreateBean(AbstractAutowireCapableBeanFactory.java:522)
	at org.springframework.beans.factory.support.AbstractAutowireCapableBeanFactory.createBean(AbstractAutowireCapableBeanFactory.java:461)
	at org.springframework.beans.factory.support.AbstractBeanFactory$1.getObject(AbstractBeanFactory.java:295)
	at org.springframework.beans.factory.support.DefaultSingletonBeanRegistry.getSingleton(DefaultSingletonBeanRegistry.java:223)
	at org.springframework.beans.factory.support.AbstractBeanFactory.doGetBean(AbstractBeanFactory.java:292)
	at org.springframework.beans.factory.support.AbstractBeanFactory.getBean(AbstractBeanFactory.java:194)
	at org.springframework.beans.factory.support.BeanDefinitionValueResolver.resolveReference(BeanDefinitionValueResolver.java:323)
	... 52 more
Caused by: org.springframework.beans.NotWritablePropertyException: Invalid property 'configureLocation' of bean class [org.springframework.cache.ehcache.EhCacheManagerFactoryBean]: Bean property 'configureLocation' is not writable or has an invalid setter method. Does the parameter type of the setter match the return type of the getter?
	at org.springframework.beans.BeanWrapperImpl.setPropertyValue(BeanWrapperImpl.java:1044)
	at org.springframework.beans.BeanWrapperImpl.setPropertyValue(BeanWrapperImpl.java:904)
	at org.springframework.beans.AbstractPropertyAccessor.setPropertyValues(AbstractPropertyAccessor.java:75)
	at org.springframework.beans.AbstractPropertyAccessor.setPropertyValues(AbstractPropertyAccessor.java:57)
	at org.springframework.beans.factory.support.AbstractAutowireCapableBeanFactory.applyPropertyValues(AbstractAutowireCapableBeanFactory.java:1424)
	... 60 more
[INFO] [2017-08-07 09:47:54][org.springframework.beans.factory.xml.XmlBeanDefinitionReader]Loading XML bean definitions from class path resource [applicationContext.xml]
[INFO] [2017-08-07 09:47:54][org.springframework.context.annotation.ClassPathBeanDefinitionScanner]JSR-250 'javax.annotation.ManagedBean' found and supported for component scanning
[INFO] [2017-08-07 09:47:54][org.springframework.context.annotation.ClassPathBeanDefinitionScanner]JSR-330 'javax.inject.Named' annotation found and supported for component scanning
[INFO] [2017-08-07 09:47:54][org.springframework.context.support.GenericApplicationContext]Refreshing org.springframework.context.support.GenericApplicationContext@6ae97281: startup date [Mon Aug 07 09:47:54 CST 2017]; root of context hierarchy
[INFO] [2017-08-07 09:47:55][org.springframework.context.support.PropertySourcesPlaceholderConfigurer]Loading properties file from class path resource [config.properties]
[INFO] [2017-08-07 09:47:55][org.springframework.beans.factory.annotation.AutowiredAnnotationBeanPostProcessor]JSR-330 'javax.inject.Inject' annotation found and supported for autowiring
[INFO] [2017-08-07 09:47:55][org.springframework.beans.factory.support.DefaultListableBeanFactory]Pre-instantiating singletons in org.springframework.beans.factory.support.DefaultListableBeanFactory@3018fc1a: defining beans [org.springframework.context.support.PropertySourcesPlaceholderConfigurer#0,loginController,user,org.springframework.context.annotation.internalConfigurationAnnotationProcessor,org.springframework.context.annotation.internalAutowiredAnnotationProcessor,org.springframework.context.annotation.internalRequiredAnnotationProcessor,org.springframework.context.annotation.internalCommonAnnotationProcessor,org.springframework.context.annotation.internalPersistenceAnnotationProcessor,org.springframework.aop.config.internalAutoProxyCreator,org.springframework.cache.annotation.AnnotationCacheOperationSource#0,org.springframework.cache.interceptor.CacheInterceptor#0,org.springframework.cache.config.internalCacheAdvisor,dataSource,sqlSessionFactory,org.mybatis.spring.mapper.MapperScannerConfigurer#0,cacheManager,cache,org.springframework.context.annotation.ConfigurationClassPostProcessor.importAwareProcessor,userMapper]; root of factory hierarchy
[INFO] [2017-08-07 09:47:55][org.springframework.cache.ehcache.EhCacheManagerFactoryBean]Initializing EHCache CacheManager
[INFO] [2017-08-07 09:47:58][org.springframework.context.support.GenericApplicationContext]Closing org.springframework.context.support.GenericApplicationContext@6ae97281: startup date [Mon Aug 07 09:47:54 CST 2017]; root of context hierarchy
[INFO] [2017-08-07 09:47:58][org.springframework.beans.factory.support.DefaultListableBeanFactory]Destroying singletons in org.springframework.beans.factory.support.DefaultListableBeanFactory@3018fc1a: defining beans [org.springframework.context.support.PropertySourcesPlaceholderConfigurer#0,loginController,user,org.springframework.context.annotation.internalConfigurationAnnotationProcessor,org.springframework.context.annotation.internalAutowiredAnnotationProcessor,org.springframework.context.annotation.internalRequiredAnnotationProcessor,org.springframework.context.annotation.internalCommonAnnotationProcessor,org.springframework.context.annotation.internalPersistenceAnnotationProcessor,org.springframework.aop.config.internalAutoProxyCreator,org.springframework.cache.annotation.AnnotationCacheOperationSource#0,org.springframework.cache.interceptor.CacheInterceptor#0,org.springframework.cache.config.internalCacheAdvisor,dataSource,sqlSessionFactory,org.mybatis.spring.mapper.MapperScannerConfigurer#0,cacheManager,cache,org.springframework.context.annotation.ConfigurationClassPostProcessor.importAwareProcessor,userMapper]; root of factory hierarchy
[INFO] [2017-08-07 09:47:58][org.springframework.cache.ehcache.EhCacheManagerFactoryBean]Shutting down EHCache CacheManager
[INFO] [2017-08-07 09:49:30][org.springframework.beans.factory.xml.XmlBeanDefinitionReader]Loading XML bean definitions from class path resource [applicationContext.xml]
[INFO] [2017-08-07 09:49:30][org.springframework.context.annotation.ClassPathBeanDefinitionScanner]JSR-250 'javax.annotation.ManagedBean' found and supported for component scanning
[INFO] [2017-08-07 09:49:30][org.springframework.context.annotation.ClassPathBeanDefinitionScanner]JSR-330 'javax.inject.Named' annotation found and supported for component scanning
[INFO] [2017-08-07 09:49:30][org.springframework.context.support.GenericApplicationContext]Refreshing org.springframework.context.support.GenericApplicationContext@570698ea: startup date [Mon Aug 07 09:49:30 CST 2017]; root of context hierarchy
[INFO] [2017-08-07 09:49:30][org.springframework.context.support.PropertySourcesPlaceholderConfigurer]Loading properties file from class path resource [config.properties]
[INFO] [2017-08-07 09:49:30][org.springframework.beans.factory.annotation.AutowiredAnnotationBeanPostProcessor]JSR-330 'javax.inject.Inject' annotation found and supported for autowiring
[INFO] [2017-08-07 09:49:30][org.springframework.beans.factory.support.DefaultListableBeanFactory]Pre-instantiating singletons in org.springframework.beans.factory.support.DefaultListableBeanFactory@1c5e18c7: defining beans [org.springframework.context.support.PropertySourcesPlaceholderConfigurer#0,loginController,user,org.springframework.context.annotation.internalConfigurationAnnotationProcessor,org.springframework.context.annotation.internalAutowiredAnnotationProcessor,org.springframework.context.annotation.internalRequiredAnnotationProcessor,org.springframework.context.annotation.internalCommonAnnotationProcessor,org.springframework.context.annotation.internalPersistenceAnnotationProcessor,org.springframework.aop.config.internalAutoProxyCreator,org.springframework.cache.annotation.AnnotationCacheOperationSource#0,org.springframework.cache.interceptor.CacheInterceptor#0,org.springframework.cache.config.internalCacheAdvisor,dataSource,sqlSessionFactory,org.mybatis.spring.mapper.MapperScannerConfigurer#0,cacheManager,cache,org.springframework.context.annotation.ConfigurationClassPostProcessor.importAwareProcessor,userMapper]; root of factory hierarchy
[INFO] [2017-08-07 09:49:31][org.springframework.cache.ehcache.EhCacheManagerFactoryBean]Initializing EHCache CacheManager
[INFO] [2017-08-07 09:49:32][org.springframework.context.support.GenericApplicationContext]Closing org.springframework.context.support.GenericApplicationContext@570698ea: startup date [Mon Aug 07 09:49:30 CST 2017]; root of context hierarchy
[INFO] [2017-08-07 09:49:32][org.springframework.beans.factory.support.DefaultListableBeanFactory]Destroying singletons in org.springframework.beans.factory.support.DefaultListableBeanFactory@1c5e18c7: defining beans [org.springframework.context.support.PropertySourcesPlaceholderConfigurer#0,loginController,user,org.springframework.context.annotation.internalConfigurationAnnotationProcessor,org.springframework.context.annotation.internalAutowiredAnnotationProcessor,org.springframework.context.annotation.internalRequiredAnnotationProcessor,org.springframework.context.annotation.internalCommonAnnotationProcessor,org.springframework.context.annotation.internalPersistenceAnnotationProcessor,org.springframework.aop.config.internalAutoProxyCreator,org.springframework.cache.annotation.AnnotationCacheOperationSource#0,org.springframework.cache.interceptor.CacheInterceptor#0,org.springframework.cache.config.internalCacheAdvisor,dataSource,sqlSessionFactory,org.mybatis.spring.mapper.MapperScannerConfigurer#0,cacheManager,cache,org.springframework.context.annotation.ConfigurationClassPostProcessor.importAwareProcessor,userMapper]; root of factory hierarchy
[INFO] [2017-08-07 09:49:32][org.springframework.cache.ehcache.EhCacheManagerFactoryBean]Shutting down EHCache CacheManager
[INFO] [2017-08-07 09:53:06][org.springframework.beans.factory.xml.XmlBeanDefinitionReader]Loading XML bean definitions from class path resource [applicationContext.xml]
[INFO] [2017-08-07 09:53:07][org.springframework.context.annotation.ClassPathBeanDefinitionScanner]JSR-250 'javax.annotation.ManagedBean' found and supported for component scanning
[INFO] [2017-08-07 09:53:07][org.springframework.context.annotation.ClassPathBeanDefinitionScanner]JSR-330 'javax.inject.Named' annotation found and supported for component scanning
[INFO] [2017-08-07 09:53:07][org.springframework.context.support.GenericApplicationContext]Refreshing org.springframework.context.support.GenericApplicationContext@570698ea: startup date [Mon Aug 07 09:53:07 CST 2017]; root of context hierarchy
[INFO] [2017-08-07 09:53:07][org.springframework.context.support.PropertySourcesPlaceholderConfigurer]Loading properties file from class path resource [config.properties]
[INFO] [2017-08-07 09:53:07][org.springframework.beans.factory.annotation.AutowiredAnnotationBeanPostProcessor]JSR-330 'javax.inject.Inject' annotation found and supported for autowiring
[INFO] [2017-08-07 09:53:07][org.springframework.beans.factory.support.DefaultListableBeanFactory]Pre-instantiating singletons in org.springframework.beans.factory.support.DefaultListableBeanFactory@1c5e18c7: defining beans [org.springframework.context.support.PropertySourcesPlaceholderConfigurer#0,loginController,user,org.springframework.context.annotation.internalConfigurationAnnotationProcessor,org.springframework.context.annotation.internalAutowiredAnnotationProcessor,org.springframework.context.annotation.internalRequiredAnnotationProcessor,org.springframework.context.annotation.internalCommonAnnotationProcessor,org.springframework.context.annotation.internalPersistenceAnnotationProcessor,org.springframework.aop.config.internalAutoProxyCreator,org.springframework.cache.annotation.AnnotationCacheOperationSource#0,org.springframework.cache.interceptor.CacheInterceptor#0,org.springframework.cache.config.internalCacheAdvisor,dataSource,sqlSessionFactory,org.mybatis.spring.mapper.MapperScannerConfigurer#0,cacheManager,cache,org.springframework.context.annotation.ConfigurationClassPostProcessor.importAwareProcessor,userMapper]; root of factory hierarchy
[INFO] [2017-08-07 09:53:08][org.springframework.cache.ehcache.EhCacheManagerFactoryBean]Initializing EHCache CacheManager
[INFO] [2017-08-07 09:53:08][org.springframework.context.support.GenericApplicationContext]Closing org.springframework.context.support.GenericApplicationContext@570698ea: startup date [Mon Aug 07 09:53:07 CST 2017]; root of context hierarchy
[INFO] [2017-08-07 09:53:08][org.springframework.beans.factory.support.DefaultListableBeanFactory]Destroying singletons in org.springframework.beans.factory.support.DefaultListableBeanFactory@1c5e18c7: defining beans [org.springframework.context.support.PropertySourcesPlaceholderConfigurer#0,loginController,user,org.springframework.context.annotation.internalConfigurationAnnotationProcessor,org.springframework.context.annotation.internalAutowiredAnnotationProcessor,org.springframework.context.annotation.internalRequiredAnnotationProcessor,org.springframework.context.annotation.internalCommonAnnotationProcessor,org.springframework.context.annotation.internalPersistenceAnnotationProcessor,org.springframework.aop.config.internalAutoProxyCreator,org.springframework.cache.annotation.AnnotationCacheOperationSource#0,org.springframework.cache.interceptor.CacheInterceptor#0,org.springframework.cache.config.internalCacheAdvisor,dataSource,sqlSessionFactory,org.mybatis.spring.mapper.MapperScannerConfigurer#0,cacheManager,cache,org.springframework.context.annotation.ConfigurationClassPostProcessor.importAwareProcessor,userMapper]; root of factory hierarchy
[INFO] [2017-08-07 09:53:08][org.springframework.cache.ehcache.EhCacheManagerFactoryBean]Shutting down EHCache CacheManager
[WARN] [2017-08-07 09:53:08][org.springframework.beans.factory.support.DisposableBeanAdapter]Invocation of destroy method failed on bean with name 'cache': java.lang.NullPointerException
[INFO] [2017-08-07 09:55:05][org.springframework.beans.factory.xml.XmlBeanDefinitionReader]Loading XML bean definitions from class path resource [applicationContext.xml]
[INFO] [2017-08-07 09:55:05][org.springframework.context.annotation.ClassPathBeanDefinitionScanner]JSR-250 'javax.annotation.ManagedBean' found and supported for component scanning
[INFO] [2017-08-07 09:55:05][org.springframework.context.annotation.ClassPathBeanDefinitionScanner]JSR-330 'javax.inject.Named' annotation found and supported for component scanning
[INFO] [2017-08-07 09:55:05][org.springframework.context.support.GenericApplicationContext]Refreshing org.springframework.context.support.GenericApplicationContext@34521982: startup date [Mon Aug 07 09:55:05 CST 2017]; root of context hierarchy
[INFO] [2017-08-07 09:55:06][org.springframework.context.support.PropertySourcesPlaceholderConfigurer]Loading properties file from class path resource [config.properties]
[INFO] [2017-08-07 09:55:06][org.springframework.beans.factory.annotation.AutowiredAnnotationBeanPostProcessor]JSR-330 'javax.inject.Inject' annotation found and supported for autowiring
[INFO] [2017-08-07 09:55:06][org.springframework.beans.factory.support.DefaultListableBeanFactory]Pre-instantiating singletons in org.springframework.beans.factory.support.DefaultListableBeanFactory@b808fa7: defining beans [org.springframework.context.support.PropertySourcesPlaceholderConfigurer#0,loginController,user,org.springframework.context.annotation.internalConfigurationAnnotationProcessor,org.springframework.context.annotation.internalAutowiredAnnotationProcessor,org.springframework.context.annotation.internalRequiredAnnotationProcessor,org.springframework.context.annotation.internalCommonAnnotationProcessor,org.springframework.context.annotation.internalPersistenceAnnotationProcessor,org.springframework.aop.config.internalAutoProxyCreator,org.springframework.cache.annotation.AnnotationCacheOperationSource#0,org.springframework.cache.interceptor.CacheInterceptor#0,org.springframework.cache.config.internalCacheAdvisor,dataSource,sqlSessionFactory,org.mybatis.spring.mapper.MapperScannerConfigurer#0,cacheManager,cache,org.springframework.context.annotation.ConfigurationClassPostProcessor.importAwareProcessor,userMapper]; root of factory hierarchy
[INFO] [2017-08-07 09:55:06][org.springframework.cache.ehcache.EhCacheManagerFactoryBean]Initializing EHCache CacheManager
[INFO] [2017-08-07 09:55:07][org.springframework.context.support.GenericApplicationContext]Closing org.springframework.context.support.GenericApplicationContext@34521982: startup date [Mon Aug 07 09:55:05 CST 2017]; root of context hierarchy
[INFO] [2017-08-07 09:55:07][org.springframework.beans.factory.support.DefaultListableBeanFactory]Destroying singletons in org.springframework.beans.factory.support.DefaultListableBeanFactory@b808fa7: defining beans [org.springframework.context.support.PropertySourcesPlaceholderConfigurer#0,loginController,user,org.springframework.context.annotation.internalConfigurationAnnotationProcessor,org.springframework.context.annotation.internalAutowiredAnnotationProcessor,org.springframework.context.annotation.internalRequiredAnnotationProcessor,org.springframework.context.annotation.internalCommonAnnotationProcessor,org.springframework.context.annotation.internalPersistenceAnnotationProcessor,org.springframework.aop.config.internalAutoProxyCreator,org.springframework.cache.annotation.AnnotationCacheOperationSource#0,org.springframework.cache.interceptor.CacheInterceptor#0,org.springframework.cache.config.internalCacheAdvisor,dataSource,sqlSessionFactory,org.mybatis.spring.mapper.MapperScannerConfigurer#0,cacheManager,cache,org.springframework.context.annotation.ConfigurationClassPostProcessor.importAwareProcessor,userMapper]; root of factory hierarchy
[INFO] [2017-08-07 09:55:07][org.springframework.cache.ehcache.EhCacheManagerFactoryBean]Shutting down EHCache CacheManager
[WARN] [2017-08-07 09:55:07][org.springframework.beans.factory.support.DisposableBeanAdapter]Invocation of destroy method failed on bean with name 'cache': java.lang.NullPointerException
[INFO] [2017-08-07 09:55:17][org.springframework.beans.factory.xml.XmlBeanDefinitionReader]Loading XML bean definitions from class path resource [applicationContext.xml]
[INFO] [2017-08-07 09:55:17][org.springframework.context.annotation.ClassPathBeanDefinitionScanner]JSR-250 'javax.annotation.ManagedBean' found and supported for component scanning
[INFO] [2017-08-07 09:55:17][org.springframework.context.annotation.ClassPathBeanDefinitionScanner]JSR-330 'javax.inject.Named' annotation found and supported for component scanning
[INFO] [2017-08-07 09:55:17][org.springframework.context.support.GenericApplicationContext]Refreshing org.springframework.context.support.GenericApplicationContext@34521982: startup date [Mon Aug 07 09:55:17 CST 2017]; root of context hierarchy
[INFO] [2017-08-07 09:55:18][org.springframework.context.support.PropertySourcesPlaceholderConfigurer]Loading properties file from class path resource [config.properties]
[INFO] [2017-08-07 09:55:18][org.springframework.beans.factory.annotation.AutowiredAnnotationBeanPostProcessor]JSR-330 'javax.inject.Inject' annotation found and supported for autowiring
[INFO] [2017-08-07 09:55:18][org.springframework.beans.factory.support.DefaultListableBeanFactory]Pre-instantiating singletons in org.springframework.beans.factory.support.DefaultListableBeanFactory@255722d7: defining beans [org.springframework.context.support.PropertySourcesPlaceholderConfigurer#0,loginController,user,org.springframework.context.annotation.internalConfigurationAnnotationProcessor,org.springframework.context.annotation.internalAutowiredAnnotationProcessor,org.springframework.context.annotation.internalRequiredAnnotationProcessor,org.springframework.context.annotation.internalCommonAnnotationProcessor,org.springframework.context.annotation.internalPersistenceAnnotationProcessor,org.springframework.aop.config.internalAutoProxyCreator,org.springframework.cache.annotation.AnnotationCacheOperationSource#0,org.springframework.cache.interceptor.CacheInterceptor#0,org.springframework.cache.config.internalCacheAdvisor,dataSource,sqlSessionFactory,org.mybatis.spring.mapper.MapperScannerConfigurer#0,cacheManager,cache,org.springframework.context.annotation.ConfigurationClassPostProcessor.importAwareProcessor,userMapper]; root of factory hierarchy
[INFO] [2017-08-07 09:55:18][org.springframework.cache.ehcache.EhCacheManagerFactoryBean]Initializing EHCache CacheManager
[INFO] [2017-08-07 09:55:19][org.springframework.context.support.GenericApplicationContext]Closing org.springframework.context.support.GenericApplicationContext@34521982: startup date [Mon Aug 07 09:55:17 CST 2017]; root of context hierarchy
[INFO] [2017-08-07 09:55:19][org.springframework.beans.factory.support.DefaultListableBeanFactory]Destroying singletons in org.springframework.beans.factory.support.DefaultListableBeanFactory@255722d7: defining beans [org.springframework.context.support.PropertySourcesPlaceholderConfigurer#0,loginController,user,org.springframework.context.annotation.internalConfigurationAnnotationProcessor,org.springframework.context.annotation.internalAutowiredAnnotationProcessor,org.springframework.context.annotation.internalRequiredAnnotationProcessor,org.springframework.context.annotation.internalCommonAnnotationProcessor,org.springframework.context.annotation.internalPersistenceAnnotationProcessor,org.springframework.aop.config.internalAutoProxyCreator,org.springframework.cache.annotation.AnnotationCacheOperationSource#0,org.springframework.cache.interceptor.CacheInterceptor#0,org.springframework.cache.config.internalCacheAdvisor,dataSource,sqlSessionFactory,org.mybatis.spring.mapper.MapperScannerConfigurer#0,cacheManager,cache,org.springframework.context.annotation.ConfigurationClassPostProcessor.importAwareProcessor,userMapper]; root of factory hierarchy
[INFO] [2017-08-07 09:55:19][org.springframework.cache.ehcache.EhCacheManagerFactoryBean]Shutting down EHCache CacheManager
[WARN] [2017-08-07 09:55:19][org.springframework.beans.factory.support.DisposableBeanAdapter]Invocation of destroy method failed on bean with name 'cache': java.lang.NullPointerException
[INFO] [2017-08-07 09:55:29][org.springframework.beans.factory.xml.XmlBeanDefinitionReader]Loading XML bean definitions from class path resource [applicationContext.xml]
[INFO] [2017-08-07 09:55:29][org.springframework.context.annotation.ClassPathBeanDefinitionScanner]JSR-250 'javax.annotation.ManagedBean' found and supported for component scanning
[INFO] [2017-08-07 09:55:29][org.springframework.context.annotation.ClassPathBeanDefinitionScanner]JSR-330 'javax.inject.Named' annotation found and supported for component scanning
[INFO] [2017-08-07 09:55:29][org.springframework.context.support.GenericApplicationContext]Refreshing org.springframework.context.support.GenericApplicationContext@130ce7fb: startup date [Mon Aug 07 09:55:29 CST 2017]; root of context hierarchy
[INFO] [2017-08-07 09:55:29][org.springframework.context.support.PropertySourcesPlaceholderConfigurer]Loading properties file from class path resource [config.properties]
[INFO] [2017-08-07 09:55:29][org.springframework.beans.factory.annotation.AutowiredAnnotationBeanPostProcessor]JSR-330 'javax.inject.Inject' annotation found and supported for autowiring
[INFO] [2017-08-07 09:55:29][org.springframework.beans.factory.support.DefaultListableBeanFactory]Pre-instantiating singletons in org.springframework.beans.factory.support.DefaultListableBeanFactory@485bee66: defining beans [org.springframework.context.support.PropertySourcesPlaceholderConfigurer#0,loginController,user,org.springframework.context.annotation.internalConfigurationAnnotationProcessor,org.springframework.context.annotation.internalAutowiredAnnotationProcessor,org.springframework.context.annotation.internalRequiredAnnotationProcessor,org.springframework.context.annotation.internalCommonAnnotationProcessor,org.springframework.context.annotation.internalPersistenceAnnotationProcessor,org.springframework.aop.config.internalAutoProxyCreator,org.springframework.cache.annotation.AnnotationCacheOperationSource#0,org.springframework.cache.interceptor.CacheInterceptor#0,org.springframework.cache.config.internalCacheAdvisor,dataSource,sqlSessionFactory,org.mybatis.spring.mapper.MapperScannerConfigurer#0,cacheManager,cache,org.springframework.context.annotation.ConfigurationClassPostProcessor.importAwareProcessor,userMapper]; root of factory hierarchy
[INFO] [2017-08-07 09:55:30][org.springframework.cache.ehcache.EhCacheManagerFactoryBean]Initializing EHCache CacheManager
[INFO] [2017-08-07 09:55:31][org.springframework.context.support.GenericApplicationContext]Closing org.springframework.context.support.GenericApplicationContext@130ce7fb: startup date [Mon Aug 07 09:55:29 CST 2017]; root of context hierarchy
[INFO] [2017-08-07 09:55:31][org.springframework.beans.factory.support.DefaultListableBeanFactory]Destroying singletons in org.springframework.beans.factory.support.DefaultListableBeanFactory@485bee66: defining beans [org.springframework.context.support.PropertySourcesPlaceholderConfigurer#0,loginController,user,org.springframework.context.annotation.internalConfigurationAnnotationProcessor,org.springframework.context.annotation.internalAutowiredAnnotationProcessor,org.springframework.context.annotation.internalRequiredAnnotationProcessor,org.springframework.context.annotation.internalCommonAnnotationProcessor,org.springframework.context.annotation.internalPersistenceAnnotationProcessor,org.springframework.aop.config.internalAutoProxyCreator,org.springframework.cache.annotation.AnnotationCacheOperationSource#0,org.springframework.cache.interceptor.CacheInterceptor#0,org.springframework.cache.config.internalCacheAdvisor,dataSource,sqlSessionFactory,org.mybatis.spring.mapper.MapperScannerConfigurer#0,cacheManager,cache,org.springframework.context.annotation.ConfigurationClassPostProcessor.importAwareProcessor,userMapper]; root of factory hierarchy
[INFO] [2017-08-07 09:55:31][org.springframework.cache.ehcache.EhCacheManagerFactoryBean]Shutting down EHCache CacheManager
[WARN] [2017-08-07 09:55:31][org.springframework.beans.factory.support.DisposableBeanAdapter]Invocation of destroy method failed on bean with name 'cache': java.lang.NullPointerException
[INFO] [2017-08-07 09:55:36][org.springframework.beans.factory.xml.XmlBeanDefinitionReader]Loading XML bean definitions from class path resource [applicationContext.xml]
[INFO] [2017-08-07 09:55:36][org.springframework.context.annotation.ClassPathBeanDefinitionScanner]JSR-250 'javax.annotation.ManagedBean' found and supported for component scanning
[INFO] [2017-08-07 09:55:36][org.springframework.context.annotation.ClassPathBeanDefinitionScanner]JSR-330 'javax.inject.Named' annotation found and supported for component scanning
[INFO] [2017-08-07 09:55:37][org.springframework.context.support.GenericApplicationContext]Refreshing org.springframework.context.support.GenericApplicationContext@130ce7fb: startup date [Mon Aug 07 09:55:37 CST 2017]; root of context hierarchy
[INFO] [2017-08-07 09:55:37][org.springframework.context.support.PropertySourcesPlaceholderConfigurer]Loading properties file from class path resource [config.properties]
[INFO] [2017-08-07 09:55:37][org.springframework.beans.factory.annotation.AutowiredAnnotationBeanPostProcessor]JSR-330 'javax.inject.Inject' annotation found and supported for autowiring
[INFO] [2017-08-07 09:55:37][org.springframework.beans.factory.support.DefaultListableBeanFactory]Pre-instantiating singletons in org.springframework.beans.factory.support.DefaultListableBeanFactory@b808fa7: defining beans [org.springframework.context.support.PropertySourcesPlaceholderConfigurer#0,loginController,user,org.springframework.context.annotation.internalConfigurationAnnotationProcessor,org.springframework.context.annotation.internalAutowiredAnnotationProcessor,org.springframework.context.annotation.internalRequiredAnnotationProcessor,org.springframework.context.annotation.internalCommonAnnotationProcessor,org.springframework.context.annotation.internalPersistenceAnnotationProcessor,org.springframework.aop.config.internalAutoProxyCreator,org.springframework.cache.annotation.AnnotationCacheOperationSource#0,org.springframework.cache.interceptor.CacheInterceptor#0,org.springframework.cache.config.internalCacheAdvisor,dataSource,sqlSessionFactory,org.mybatis.spring.mapper.MapperScannerConfigurer#0,cacheManager,cache,org.springframework.context.annotation.ConfigurationClassPostProcessor.importAwareProcessor,userMapper]; root of factory hierarchy
[INFO] [2017-08-07 09:55:38][org.springframework.cache.ehcache.EhCacheManagerFactoryBean]Initializing EHCache CacheManager
[INFO] [2017-08-07 09:55:38][org.springframework.context.support.GenericApplicationContext]Closing org.springframework.context.support.GenericApplicationContext@130ce7fb: startup date [Mon Aug 07 09:55:37 CST 2017]; root of context hierarchy
[INFO] [2017-08-07 09:55:38][org.springframework.beans.factory.support.DefaultListableBeanFactory]Destroying singletons in org.springframework.beans.factory.support.DefaultListableBeanFactory@b808fa7: defining beans [org.springframework.context.support.PropertySourcesPlaceholderConfigurer#0,loginController,user,org.springframework.context.annotation.internalConfigurationAnnotationProcessor,org.springframework.context.annotation.internalAutowiredAnnotationProcessor,org.springframework.context.annotation.internalRequiredAnnotationProcessor,org.springframework.context.annotation.internalCommonAnnotationProcessor,org.springframework.context.annotation.internalPersistenceAnnotationProcessor,org.springframework.aop.config.internalAutoProxyCreator,org.springframework.cache.annotation.AnnotationCacheOperationSource#0,org.springframework.cache.interceptor.CacheInterceptor#0,org.springframework.cache.config.internalCacheAdvisor,dataSource,sqlSessionFactory,org.mybatis.spring.mapper.MapperScannerConfigurer#0,cacheManager,cache,org.springframework.context.annotation.ConfigurationClassPostProcessor.importAwareProcessor,userMapper]; root of factory hierarchy
[INFO] [2017-08-07 09:55:38][org.springframework.cache.ehcache.EhCacheManagerFactoryBean]Shutting down EHCache CacheManager
[WARN] [2017-08-07 09:55:38][org.springframework.beans.factory.support.DisposableBeanAdapter]Invocation of destroy method failed on bean with name 'cache': java.lang.NullPointerException
[INFO] [2017-08-07 10:02:46][org.springframework.beans.factory.xml.XmlBeanDefinitionReader]Loading XML bean definitions from class path resource [applicationContext.xml]
[INFO] [2017-08-07 10:02:46][org.springframework.context.annotation.ClassPathBeanDefinitionScanner]JSR-250 'javax.annotation.ManagedBean' found and supported for component scanning
[INFO] [2017-08-07 10:02:46][org.springframework.context.annotation.ClassPathBeanDefinitionScanner]JSR-330 'javax.inject.Named' annotation found and supported for component scanning
[INFO] [2017-08-07 10:02:46][org.springframework.context.support.GenericApplicationContext]Refreshing org.springframework.context.support.GenericApplicationContext@6ae97281: startup date [Mon Aug 07 10:02:46 CST 2017]; root of context hierarchy
[INFO] [2017-08-07 10:02:47][org.springframework.context.support.PropertySourcesPlaceholderConfigurer]Loading properties file from class path resource [config.properties]
[INFO] [2017-08-07 10:02:47][org.springframework.beans.factory.annotation.AutowiredAnnotationBeanPostProcessor]JSR-330 'javax.inject.Inject' annotation found and supported for autowiring
[INFO] [2017-08-07 10:02:47][org.springframework.beans.factory.support.DefaultListableBeanFactory]Pre-instantiating singletons in org.springframework.beans.factory.support.DefaultListableBeanFactory@3047a6d1: defining beans [org.springframework.context.support.PropertySourcesPlaceholderConfigurer#0,loginController,user,org.springframework.context.annotation.internalConfigurationAnnotationProcessor,org.springframework.context.annotation.internalAutowiredAnnotationProcessor,org.springframework.context.annotation.internalRequiredAnnotationProcessor,org.springframework.context.annotation.internalCommonAnnotationProcessor,org.springframework.context.annotation.internalPersistenceAnnotationProcessor,org.springframework.aop.config.internalAutoProxyCreator,org.springframework.cache.annotation.AnnotationCacheOperationSource#0,org.springframework.cache.interceptor.CacheInterceptor#0,org.springframework.cache.config.internalCacheAdvisor,dataSource,sqlSessionFactory,org.mybatis.spring.mapper.MapperScannerConfigurer#0,cacheManager,cache,org.springframework.context.annotation.ConfigurationClassPostProcessor.importAwareProcessor,userMapper]; root of factory hierarchy
[INFO] [2017-08-07 10:02:48][org.springframework.cache.ehcache.EhCacheManagerFactoryBean]Initializing EHCache CacheManager
[INFO] [2017-08-07 10:02:49][org.springframework.context.support.GenericApplicationContext]Closing org.springframework.context.support.GenericApplicationContext@6ae97281: startup date [Mon Aug 07 10:02:46 CST 2017]; root of context hierarchy
[INFO] [2017-08-07 10:02:49][org.springframework.beans.factory.support.DefaultListableBeanFactory]Destroying singletons in org.springframework.beans.factory.support.DefaultListableBeanFactory@3047a6d1: defining beans [org.springframework.context.support.PropertySourcesPlaceholderConfigurer#0,loginController,user,org.springframework.context.annotation.internalConfigurationAnnotationProcessor,org.springframework.context.annotation.internalAutowiredAnnotationProcessor,org.springframework.context.annotation.internalRequiredAnnotationProcessor,org.springframework.context.annotation.internalCommonAnnotationProcessor,org.springframework.context.annotation.internalPersistenceAnnotationProcessor,org.springframework.aop.config.internalAutoProxyCreator,org.springframework.cache.annotation.AnnotationCacheOperationSource#0,org.springframework.cache.interceptor.CacheInterceptor#0,org.springframework.cache.config.internalCacheAdvisor,dataSource,sqlSessionFactory,org.mybatis.spring.mapper.MapperScannerConfigurer#0,cacheManager,cache,org.springframework.context.annotation.ConfigurationClassPostProcessor.importAwareProcessor,userMapper]; root of factory hierarchy
[INFO] [2017-08-07 10:02:49][org.springframework.cache.ehcache.EhCacheManagerFactoryBean]Shutting down EHCache CacheManager
[WARN] [2017-08-07 10:02:49][org.springframework.beans.factory.support.DisposableBeanAdapter]Invocation of destroy method failed on bean with name 'cache': java.lang.NullPointerException
[INFO] [2017-08-07 10:04:57][org.springframework.beans.factory.xml.XmlBeanDefinitionReader]Loading XML bean definitions from class path resource [applicationContext.xml]
[INFO] [2017-08-07 10:04:57][org.springframework.context.annotation.ClassPathBeanDefinitionScanner]JSR-250 'javax.annotation.ManagedBean' found and supported for component scanning
[INFO] [2017-08-07 10:04:57][org.springframework.context.annotation.ClassPathBeanDefinitionScanner]JSR-330 'javax.inject.Named' annotation found and supported for component scanning
[INFO] [2017-08-07 10:04:57][org.springframework.context.support.GenericApplicationContext]Refreshing org.springframework.context.support.GenericApplicationContext@5be8d551: startup date [Mon Aug 07 10:04:57 CST 2017]; root of context hierarchy
[INFO] [2017-08-07 10:04:58][org.springframework.context.support.PropertySourcesPlaceholderConfigurer]Loading properties file from class path resource [config.properties]
[INFO] [2017-08-07 10:04:58][org.springframework.beans.factory.annotation.AutowiredAnnotationBeanPostProcessor]JSR-330 'javax.inject.Inject' annotation found and supported for autowiring
[INFO] [2017-08-07 10:04:58][org.springframework.beans.factory.support.DefaultListableBeanFactory]Pre-instantiating singletons in org.springframework.beans.factory.support.DefaultListableBeanFactory@297cebc9: defining beans [org.springframework.context.support.PropertySourcesPlaceholderConfigurer#0,loginController,user,org.springframework.context.annotation.internalConfigurationAnnotationProcessor,org.springframework.context.annotation.internalAutowiredAnnotationProcessor,org.springframework.context.annotation.internalRequiredAnnotationProcessor,org.springframework.context.annotation.internalCommonAnnotationProcessor,org.springframework.context.annotation.internalPersistenceAnnotationProcessor,org.springframework.aop.config.internalAutoProxyCreator,org.springframework.cache.annotation.AnnotationCacheOperationSource#0,org.springframework.cache.interceptor.CacheInterceptor#0,org.springframework.cache.config.internalCacheAdvisor,dataSource,sqlSessionFactory,org.mybatis.spring.mapper.MapperScannerConfigurer#0,cacheManager,cache,org.springframework.context.annotation.ConfigurationClassPostProcessor.importAwareProcessor,userMapper]; root of factory hierarchy
[INFO] [2017-08-07 10:04:58][org.springframework.cache.ehcache.EhCacheManagerFactoryBean]Initializing EHCache CacheManager
[INFO] [2017-08-07 10:04:59][org.springframework.context.support.GenericApplicationContext]Closing org.springframework.context.support.GenericApplicationContext@5be8d551: startup date [Mon Aug 07 10:04:57 CST 2017]; root of context hierarchy
[INFO] [2017-08-07 10:04:59][org.springframework.beans.factory.support.DefaultListableBeanFactory]Destroying singletons in org.springframework.beans.factory.support.DefaultListableBeanFactory@297cebc9: defining beans [org.springframework.context.support.PropertySourcesPlaceholderConfigurer#0,loginController,user,org.springframework.context.annotation.internalConfigurationAnnotationProcessor,org.springframework.context.annotation.internalAutowiredAnnotationProcessor,org.springframework.context.annotation.internalRequiredAnnotationProcessor,org.springframework.context.annotation.internalCommonAnnotationProcessor,org.springframework.context.annotation.internalPersistenceAnnotationProcessor,org.springframework.aop.config.internalAutoProxyCreator,org.springframework.cache.annotation.AnnotationCacheOperationSource#0,org.springframework.cache.interceptor.CacheInterceptor#0,org.springframework.cache.config.internalCacheAdvisor,dataSource,sqlSessionFactory,org.mybatis.spring.mapper.MapperScannerConfigurer#0,cacheManager,cache,org.springframework.context.annotation.ConfigurationClassPostProcessor.importAwareProcessor,userMapper]; root of factory hierarchy
[INFO] [2017-08-07 10:04:59][org.springframework.cache.ehcache.EhCacheManagerFactoryBean]Shutting down EHCache CacheManager
[WARN] [2017-08-07 10:04:59][org.springframework.beans.factory.support.DisposableBeanAdapter]Invocation of destroy method failed on bean with name 'cache': java.lang.NullPointerException
[INFO] [2017-08-07 10:06:07][org.springframework.beans.factory.xml.XmlBeanDefinitionReader]Loading XML bean definitions from class path resource [applicationContext.xml]
[INFO] [2017-08-07 10:06:07][org.springframework.context.annotation.ClassPathBeanDefinitionScanner]JSR-250 'javax.annotation.ManagedBean' found and supported for component scanning
[INFO] [2017-08-07 10:06:07][org.springframework.context.annotation.ClassPathBeanDefinitionScanner]JSR-330 'javax.inject.Named' annotation found and supported for component scanning
[INFO] [2017-08-07 10:06:07][org.springframework.context.support.GenericApplicationContext]Refreshing org.springframework.context.support.GenericApplicationContext@34521982: startup date [Mon Aug 07 10:06:07 CST 2017]; root of context hierarchy
[INFO] [2017-08-07 10:06:07][org.springframework.context.support.PropertySourcesPlaceholderConfigurer]Loading properties file from class path resource [config.properties]
[INFO] [2017-08-07 10:06:07][org.springframework.beans.factory.annotation.AutowiredAnnotationBeanPostProcessor]JSR-330 'javax.inject.Inject' annotation found and supported for autowiring
[INFO] [2017-08-07 10:06:07][org.springframework.beans.factory.support.DefaultListableBeanFactory]Pre-instantiating singletons in org.springframework.beans.factory.support.DefaultListableBeanFactory@b808fa7: defining beans [org.springframework.context.support.PropertySourcesPlaceholderConfigurer#0,loginController,user,org.springframework.context.annotation.internalConfigurationAnnotationProcessor,org.springframework.context.annotation.internalAutowiredAnnotationProcessor,org.springframework.context.annotation.internalRequiredAnnotationProcessor,org.springframework.context.annotation.internalCommonAnnotationProcessor,org.springframework.context.annotation.internalPersistenceAnnotationProcessor,org.springframework.aop.config.internalAutoProxyCreator,org.springframework.cache.annotation.AnnotationCacheOperationSource#0,org.springframework.cache.interceptor.CacheInterceptor#0,org.springframework.cache.config.internalCacheAdvisor,dataSource,sqlSessionFactory,org.mybatis.spring.mapper.MapperScannerConfigurer#0,cacheManager,cache,org.springframework.context.annotation.ConfigurationClassPostProcessor.importAwareProcessor,userMapper]; root of factory hierarchy
[INFO] [2017-08-07 10:06:08][org.springframework.cache.ehcache.EhCacheManagerFactoryBean]Initializing EHCache CacheManager
[INFO] [2017-08-07 10:06:09][org.springframework.context.support.GenericApplicationContext]Closing org.springframework.context.support.GenericApplicationContext@34521982: startup date [Mon Aug 07 10:06:07 CST 2017]; root of context hierarchy
[INFO] [2017-08-07 10:06:09][org.springframework.beans.factory.support.DefaultListableBeanFactory]Destroying singletons in org.springframework.beans.factory.support.DefaultListableBeanFactory@b808fa7: defining beans [org.springframework.context.support.PropertySourcesPlaceholderConfigurer#0,loginController,user,org.springframework.context.annotation.internalConfigurationAnnotationProcessor,org.springframework.context.annotation.internalAutowiredAnnotationProcessor,org.springframework.context.annotation.internalRequiredAnnotationProcessor,org.springframework.context.annotation.internalCommonAnnotationProcessor,org.springframework.context.annotation.internalPersistenceAnnotationProcessor,org.springframework.aop.config.internalAutoProxyCreator,org.springframework.cache.annotation.AnnotationCacheOperationSource#0,org.springframework.cache.interceptor.CacheInterceptor#0,org.springframework.cache.config.internalCacheAdvisor,dataSource,sqlSessionFactory,org.mybatis.spring.mapper.MapperScannerConfigurer#0,cacheManager,cache,org.springframework.context.annotation.ConfigurationClassPostProcessor.importAwareProcessor,userMapper]; root of factory hierarchy
[INFO] [2017-08-07 10:06:09][org.springframework.cache.ehcache.EhCacheManagerFactoryBean]Shutting down EHCache CacheManager
[WARN] [2017-08-07 10:06:09][org.springframework.beans.factory.support.DisposableBeanAdapter]Invocation of destroy method failed on bean with name 'cache': java.lang.NullPointerException
[INFO] [2017-08-08 23:30:27][org.springframework.beans.factory.xml.XmlBeanDefinitionReader]Loading XML bean definitions from class path resource [applicationContext.xml]
[INFO] [2017-08-08 23:30:28][org.springframework.context.annotation.ClassPathBeanDefinitionScanner]JSR-250 'javax.annotation.ManagedBean' found and supported for component scanning
[INFO] [2017-08-08 23:30:28][org.springframework.context.annotation.ClassPathBeanDefinitionScanner]JSR-330 'javax.inject.Named' annotation found and supported for component scanning
[INFO] [2017-08-08 23:30:28][org.springframework.context.support.GenericApplicationContext]Refreshing org.springframework.context.support.GenericApplicationContext@52a55130: startup date [Tue Aug 08 23:30:28 CST 2017]; root of context hierarchy
[INFO] [2017-08-08 23:30:28][org.springframework.context.support.PropertySourcesPlaceholderConfigurer]Loading properties file from class path resource [config.properties]
[INFO] [2017-08-08 23:30:28][org.springframework.beans.factory.annotation.AutowiredAnnotationBeanPostProcessor]JSR-330 'javax.inject.Inject' annotation found and supported for autowiring
[INFO] [2017-08-08 23:30:28][org.springframework.beans.factory.support.DefaultListableBeanFactory]Pre-instantiating singletons in org.springframework.beans.factory.support.DefaultListableBeanFactory@2f64c34d: defining beans [org.springframework.context.support.PropertySourcesPlaceholderConfigurer#0,loginController,user,org.springframework.context.annotation.internalConfigurationAnnotationProcessor,org.springframework.context.annotation.internalAutowiredAnnotationProcessor,org.springframework.context.annotation.internalRequiredAnnotationProcessor,org.springframework.context.annotation.internalCommonAnnotationProcessor,org.springframework.context.annotation.internalPersistenceAnnotationProcessor,org.springframework.aop.config.internalAutoProxyCreator,org.springframework.cache.annotation.AnnotationCacheOperationSource#0,org.springframework.cache.interceptor.CacheInterceptor#0,org.springframework.cache.config.internalCacheAdvisor,dataSource,sqlSessionFactory,org.mybatis.spring.mapper.MapperScannerConfigurer#0,cacheManager,cache,org.springframework.context.annotation.ConfigurationClassPostProcessor.importAwareProcessor,userMapper]; root of factory hierarchy
[INFO] [2017-08-08 23:30:29][org.springframework.cache.ehcache.EhCacheManagerFactoryBean]Initializing EHCache CacheManager
[INFO] [2017-08-08 23:30:30][org.springframework.context.support.GenericApplicationContext]Closing org.springframework.context.support.GenericApplicationContext@52a55130: startup date [Tue Aug 08 23:30:28 CST 2017]; root of context hierarchy
[INFO] [2017-08-08 23:30:30][org.springframework.beans.factory.support.DefaultListableBeanFactory]Destroying singletons in org.springframework.beans.factory.support.DefaultListableBeanFactory@2f64c34d: defining beans [org.springframework.context.support.PropertySourcesPlaceholderConfigurer#0,loginController,user,org.springframework.context.annotation.internalConfigurationAnnotationProcessor,org.springframework.context.annotation.internalAutowiredAnnotationProcessor,org.springframework.context.annotation.internalRequiredAnnotationProcessor,org.springframework.context.annotation.internalCommonAnnotationProcessor,org.springframework.context.annotation.internalPersistenceAnnotationProcessor,org.springframework.aop.config.internalAutoProxyCreator,org.springframework.cache.annotation.AnnotationCacheOperationSource#0,org.springframework.cache.interceptor.CacheInterceptor#0,org.springframework.cache.config.internalCacheAdvisor,dataSource,sqlSessionFactory,org.mybatis.spring.mapper.MapperScannerConfigurer#0,cacheManager,cache,org.springframework.context.annotation.ConfigurationClassPostProcessor.importAwareProcessor,userMapper]; root of factory hierarchy
[INFO] [2017-08-08 23:30:30][org.springframework.cache.ehcache.EhCacheManagerFactoryBean]Shutting down EHCache CacheManager
[WARN] [2017-08-08 23:30:30][org.springframework.beans.factory.support.DisposableBeanAdapter]Invocation of destroy method failed on bean with name 'cache': java.lang.NullPointerException
[INFO] [2017-08-08 23:31:01][org.springframework.beans.factory.xml.XmlBeanDefinitionReader]Loading XML bean definitions from class path resource [applicationContext.xml]
[INFO] [2017-08-08 23:31:01][org.springframework.context.annotation.ClassPathBeanDefinitionScanner]JSR-250 'javax.annotation.ManagedBean' found and supported for component scanning
[INFO] [2017-08-08 23:31:01][org.springframework.context.annotation.ClassPathBeanDefinitionScanner]JSR-330 'javax.inject.Named' annotation found and supported for component scanning
[INFO] [2017-08-08 23:31:01][org.springframework.context.support.GenericApplicationContext]Refreshing org.springframework.context.support.GenericApplicationContext@637550b3: startup date [Tue Aug 08 23:31:01 CST 2017]; root of context hierarchy
[INFO] [2017-08-08 23:31:01][org.springframework.context.support.PropertySourcesPlaceholderConfigurer]Loading properties file from class path resource [config.properties]
[INFO] [2017-08-08 23:31:01][org.springframework.beans.factory.annotation.AutowiredAnnotationBeanPostProcessor]JSR-330 'javax.inject.Inject' annotation found and supported for autowiring
[INFO] [2017-08-08 23:31:01][org.springframework.beans.factory.support.DefaultListableBeanFactory]Pre-instantiating singletons in org.springframework.beans.factory.support.DefaultListableBeanFactory@ab53830: defining beans [org.springframework.context.support.PropertySourcesPlaceholderConfigurer#0,loginController,user,org.springframework.context.annotation.internalConfigurationAnnotationProcessor,org.springframework.context.annotation.internalAutowiredAnnotationProcessor,org.springframework.context.annotation.internalRequiredAnnotationProcessor,org.springframework.context.annotation.internalCommonAnnotationProcessor,org.springframework.context.annotation.internalPersistenceAnnotationProcessor,org.springframework.aop.config.internalAutoProxyCreator,org.springframework.cache.annotation.AnnotationCacheOperationSource#0,org.springframework.cache.interceptor.CacheInterceptor#0,org.springframework.cache.config.internalCacheAdvisor,dataSource,sqlSessionFactory,org.mybatis.spring.mapper.MapperScannerConfigurer#0,cacheManager,cache,org.springframework.context.annotation.ConfigurationClassPostProcessor.importAwareProcessor,userMapper]; root of factory hierarchy
[INFO] [2017-08-08 23:31:02][org.springframework.cache.ehcache.EhCacheManagerFactoryBean]Initializing EHCache CacheManager
[INFO] [2017-08-08 23:31:03][org.springframework.context.support.GenericApplicationContext]Closing org.springframework.context.support.GenericApplicationContext@637550b3: startup date [Tue Aug 08 23:31:01 CST 2017]; root of context hierarchy
[INFO] [2017-08-08 23:31:03][org.springframework.beans.factory.support.DefaultListableBeanFactory]Destroying singletons in org.springframework.beans.factory.support.DefaultListableBeanFactory@ab53830: defining beans [org.springframework.context.support.PropertySourcesPlaceholderConfigurer#0,loginController,user,org.springframework.context.annotation.internalConfigurationAnnotationProcessor,org.springframework.context.annotation.internalAutowiredAnnotationProcessor,org.springframework.context.annotation.internalRequiredAnnotationProcessor,org.springframework.context.annotation.internalCommonAnnotationProcessor,org.springframework.context.annotation.internalPersistenceAnnotationProcessor,org.springframework.aop.config.internalAutoProxyCreator,org.springframework.cache.annotation.AnnotationCacheOperationSource#0,org.springframework.cache.interceptor.CacheInterceptor#0,org.springframework.cache.config.internalCacheAdvisor,dataSource,sqlSessionFactory,org.mybatis.spring.mapper.MapperScannerConfigurer#0,cacheManager,cache,org.springframework.context.annotation.ConfigurationClassPostProcessor.importAwareProcessor,userMapper]; root of factory hierarchy
[INFO] [2017-08-08 23:31:03][org.springframework.cache.ehcache.EhCacheManagerFactoryBean]Shutting down EHCache CacheManager
[WARN] [2017-08-08 23:31:03][org.springframework.beans.factory.support.DisposableBeanAdapter]Invocation of destroy method failed on bean with name 'cache': java.lang.NullPointerException
[INFO] [2017-08-08 23:31:30][org.springframework.beans.factory.xml.XmlBeanDefinitionReader]Loading XML bean definitions from class path resource [applicationContext.xml]
[INFO] [2017-08-08 23:31:30][org.springframework.context.annotation.ClassPathBeanDefinitionScanner]JSR-250 'javax.annotation.ManagedBean' found and supported for component scanning
[INFO] [2017-08-08 23:31:30][org.springframework.context.annotation.ClassPathBeanDefinitionScanner]JSR-330 'javax.inject.Named' annotation found and supported for component scanning
[INFO] [2017-08-08 23:31:30][org.springframework.context.support.GenericApplicationContext]Refreshing org.springframework.context.support.GenericApplicationContext@637550b3: startup date [Tue Aug 08 23:31:30 CST 2017]; root of context hierarchy
[INFO] [2017-08-08 23:31:30][org.springframework.context.support.PropertySourcesPlaceholderConfigurer]Loading properties file from class path resource [config.properties]
[INFO] [2017-08-08 23:31:30][org.springframework.beans.factory.annotation.AutowiredAnnotationBeanPostProcessor]JSR-330 'javax.inject.Inject' annotation found and supported for autowiring
[INFO] [2017-08-08 23:31:31][org.springframework.beans.factory.support.DefaultListableBeanFactory]Pre-instantiating singletons in org.springframework.beans.factory.support.DefaultListableBeanFactory@520c8a: defining beans [org.springframework.context.support.PropertySourcesPlaceholderConfigurer#0,loginController,user,org.springframework.context.annotation.internalConfigurationAnnotationProcessor,org.springframework.context.annotation.internalAutowiredAnnotationProcessor,org.springframework.context.annotation.internalRequiredAnnotationProcessor,org.springframework.context.annotation.internalCommonAnnotationProcessor,org.springframework.context.annotation.internalPersistenceAnnotationProcessor,org.springframework.aop.config.internalAutoProxyCreator,org.springframework.cache.annotation.AnnotationCacheOperationSource#0,org.springframework.cache.interceptor.CacheInterceptor#0,org.springframework.cache.config.internalCacheAdvisor,dataSource,sqlSessionFactory,org.mybatis.spring.mapper.MapperScannerConfigurer#0,cacheManager,cache,org.springframework.context.annotation.ConfigurationClassPostProcessor.importAwareProcessor,userMapper]; root of factory hierarchy
[INFO] [2017-08-08 23:31:31][org.springframework.cache.ehcache.EhCacheManagerFactoryBean]Initializing EHCache CacheManager
[INFO] [2017-08-08 23:31:32][org.springframework.context.support.GenericApplicationContext]Closing org.springframework.context.support.GenericApplicationContext@637550b3: startup date [Tue Aug 08 23:31:30 CST 2017]; root of context hierarchy
[INFO] [2017-08-08 23:31:32][org.springframework.beans.factory.support.DefaultListableBeanFactory]Destroying singletons in org.springframework.beans.factory.support.DefaultListableBeanFactory@520c8a: defining beans [org.springframework.context.support.PropertySourcesPlaceholderConfigurer#0,loginController,user,org.springframework.context.annotation.internalConfigurationAnnotationProcessor,org.springframework.context.annotation.internalAutowiredAnnotationProcessor,org.springframework.context.annotation.internalRequiredAnnotationProcessor,org.springframework.context.annotation.internalCommonAnnotationProcessor,org.springframework.context.annotation.internalPersistenceAnnotationProcessor,org.springframework.aop.config.internalAutoProxyCreator,org.springframework.cache.annotation.AnnotationCacheOperationSource#0,org.springframework.cache.interceptor.CacheInterceptor#0,org.springframework.cache.config.internalCacheAdvisor,dataSource,sqlSessionFactory,org.mybatis.spring.mapper.MapperScannerConfigurer#0,cacheManager,cache,org.springframework.context.annotation.ConfigurationClassPostProcessor.importAwareProcessor,userMapper]; root of factory hierarchy
[INFO] [2017-08-08 23:31:32][org.springframework.cache.ehcache.EhCacheManagerFactoryBean]Shutting down EHCache CacheManager
[WARN] [2017-08-08 23:31:32][org.springframework.beans.factory.support.DisposableBeanAdapter]Invocation of destroy method failed on bean with name 'cache': java.lang.NullPointerException
[INFO] [2017-08-08 23:32:01][org.springframework.beans.factory.xml.XmlBeanDefinitionReader]Loading XML bean definitions from class path resource [applicationContext.xml]
[INFO] [2017-08-08 23:32:01][org.springframework.context.annotation.ClassPathBeanDefinitionScanner]JSR-250 'javax.annotation.ManagedBean' found and supported for component scanning
[INFO] [2017-08-08 23:32:01][org.springframework.context.annotation.ClassPathBeanDefinitionScanner]JSR-330 'javax.inject.Named' annotation found and supported for component scanning
[INFO] [2017-08-08 23:32:01][org.springframework.context.support.GenericApplicationContext]Refreshing org.springframework.context.support.GenericApplicationContext@47ec3263: startup date [Tue Aug 08 23:32:01 CST 2017]; root of context hierarchy
[INFO] [2017-08-08 23:32:02][org.springframework.context.support.PropertySourcesPlaceholderConfigurer]Loading properties file from class path resource [config.properties]
[INFO] [2017-08-08 23:32:02][org.springframework.beans.factory.annotation.AutowiredAnnotationBeanPostProcessor]JSR-330 'javax.inject.Inject' annotation found and supported for autowiring
[INFO] [2017-08-08 23:32:02][org.springframework.beans.factory.support.DefaultListableBeanFactory]Pre-instantiating singletons in org.springframework.beans.factory.support.DefaultListableBeanFactory@4782fe29: defining beans [org.springframework.context.support.PropertySourcesPlaceholderConfigurer#0,loginController,user,org.springframework.context.annotation.internalConfigurationAnnotationProcessor,org.springframework.context.annotation.internalAutowiredAnnotationProcessor,org.springframework.context.annotation.internalRequiredAnnotationProcessor,org.springframework.context.annotation.internalCommonAnnotationProcessor,org.springframework.context.annotation.internalPersistenceAnnotationProcessor,org.springframework.aop.config.internalAutoProxyCreator,org.springframework.cache.annotation.AnnotationCacheOperationSource#0,org.springframework.cache.interceptor.CacheInterceptor#0,org.springframework.cache.config.internalCacheAdvisor,dataSource,sqlSessionFactory,org.mybatis.spring.mapper.MapperScannerConfigurer#0,cacheManager,cache,org.springframework.context.annotation.ConfigurationClassPostProcessor.importAwareProcessor,userMapper]; root of factory hierarchy
[INFO] [2017-08-08 23:32:02][org.springframework.cache.ehcache.EhCacheManagerFactoryBean]Initializing EHCache CacheManager
[INFO] [2017-08-08 23:32:03][org.springframework.context.support.GenericApplicationContext]Closing org.springframework.context.support.GenericApplicationContext@47ec3263: startup date [Tue Aug 08 23:32:01 CST 2017]; root of context hierarchy
[INFO] [2017-08-08 23:32:03][org.springframework.beans.factory.support.DefaultListableBeanFactory]Destroying singletons in org.springframework.beans.factory.support.DefaultListableBeanFactory@4782fe29: defining beans [org.springframework.context.support.PropertySourcesPlaceholderConfigurer#0,loginController,user,org.springframework.context.annotation.internalConfigurationAnnotationProcessor,org.springframework.context.annotation.internalAutowiredAnnotationProcessor,org.springframework.context.annotation.internalRequiredAnnotationProcessor,org.springframework.context.annotation.internalCommonAnnotationProcessor,org.springframework.context.annotation.internalPersistenceAnnotationProcessor,org.springframework.aop.config.internalAutoProxyCreator,org.springframework.cache.annotation.AnnotationCacheOperationSource#0,org.springframework.cache.interceptor.CacheInterceptor#0,org.springframework.cache.config.internalCacheAdvisor,dataSource,sqlSessionFactory,org.mybatis.spring.mapper.MapperScannerConfigurer#0,cacheManager,cache,org.springframework.context.annotation.ConfigurationClassPostProcessor.importAwareProcessor,userMapper]; root of factory hierarchy
[INFO] [2017-08-08 23:32:03][org.springframework.cache.ehcache.EhCacheManagerFactoryBean]Shutting down EHCache CacheManager
[WARN] [2017-08-08 23:32:03][org.springframework.beans.factory.support.DisposableBeanAdapter]Invocation of destroy method failed on bean with name 'cache': java.lang.NullPointerException
[INFO] [2017-08-16 16:43:03][org.springframework.beans.factory.xml.XmlBeanDefinitionReader]Loading XML bean definitions from class path resource [applicationContext.xml]
[INFO] [2017-08-16 16:43:04][org.springframework.context.annotation.ClassPathBeanDefinitionScanner]JSR-250 'javax.annotation.ManagedBean' found and supported for component scanning
[INFO] [2017-08-16 16:43:04][org.springframework.context.annotation.ClassPathBeanDefinitionScanner]JSR-330 'javax.inject.Named' annotation found and supported for component scanning
[INFO] [2017-08-16 16:43:04][org.springframework.context.support.GenericApplicationContext]Refreshing org.springframework.context.support.GenericApplicationContext@10fdc382: startup date [Wed Aug 16 16:43:04 CST 2017]; root of context hierarchy
[INFO] [2017-08-16 16:43:05][org.springframework.context.support.PropertySourcesPlaceholderConfigurer]Loading properties file from class path resource [config.properties]
[INFO] [2017-08-16 16:43:05][org.springframework.beans.factory.annotation.AutowiredAnnotationBeanPostProcessor]JSR-330 'javax.inject.Inject' annotation found and supported for autowiring
[INFO] [2017-08-16 16:43:05][org.springframework.beans.factory.support.DefaultListableBeanFactory]Pre-instantiating singletons in org.springframework.beans.factory.support.DefaultListableBeanFactory@7e6129d6: defining beans [org.springframework.context.support.PropertySourcesPlaceholderConfigurer#0,loginController,user,org.springframework.context.annotation.internalConfigurationAnnotationProcessor,org.springframework.context.annotation.internalAutowiredAnnotationProcessor,org.springframework.context.annotation.internalRequiredAnnotationProcessor,org.springframework.context.annotation.internalCommonAnnotationProcessor,org.springframework.context.annotation.internalPersistenceAnnotationProcessor,org.springframework.aop.config.internalAutoProxyCreator,org.springframework.cache.annotation.AnnotationCacheOperationSource#0,org.springframework.cache.interceptor.CacheInterceptor#0,org.springframework.cache.config.internalCacheAdvisor,dataSource,sqlSessionFactory,org.mybatis.spring.mapper.MapperScannerConfigurer#0,cacheManager,cache,org.springframework.context.annotation.ConfigurationClassPostProcessor.importAwareProcessor,userMapper]; root of factory hierarchy
[INFO] [2017-08-16 16:43:08][org.springframework.cache.ehcache.EhCacheManagerFactoryBean]Initializing EHCache CacheManager
[INFO] [2017-08-16 16:43:12][org.springframework.context.support.GenericApplicationContext]Closing org.springframework.context.support.GenericApplicationContext@10fdc382: startup date [Wed Aug 16 16:43:04 CST 2017]; root of context hierarchy
[INFO] [2017-08-16 16:43:12][org.springframework.beans.factory.support.DefaultListableBeanFactory]Destroying singletons in org.springframework.beans.factory.support.DefaultListableBeanFactory@7e6129d6: defining beans [org.springframework.context.support.PropertySourcesPlaceholderConfigurer#0,loginController,user,org.springframework.context.annotation.internalConfigurationAnnotationProcessor,org.springframework.context.annotation.internalAutowiredAnnotationProcessor,org.springframework.context.annotation.internalRequiredAnnotationProcessor,org.springframework.context.annotation.internalCommonAnnotationProcessor,org.springframework.context.annotation.internalPersistenceAnnotationProcessor,org.springframework.aop.config.internalAutoProxyCreator,org.springframework.cache.annotation.AnnotationCacheOperationSource#0,org.springframework.cache.interceptor.CacheInterceptor#0,org.springframework.cache.config.internalCacheAdvisor,dataSource,sqlSessionFactory,org.mybatis.spring.mapper.MapperScannerConfigurer#0,cacheManager,cache,org.springframework.context.annotation.ConfigurationClassPostProcessor.importAwareProcessor,userMapper]; root of factory hierarchy
[INFO] [2017-08-16 16:43:12][org.springframework.cache.ehcache.EhCacheManagerFactoryBean]Shutting down EHCache CacheManager
[INFO] [2017-08-16 16:43:41][org.springframework.beans.factory.xml.XmlBeanDefinitionReader]Loading XML bean definitions from class path resource [applicationContext.xml]
[INFO] [2017-08-16 16:43:41][org.springframework.context.annotation.ClassPathBeanDefinitionScanner]JSR-250 'javax.annotation.ManagedBean' found and supported for component scanning
[INFO] [2017-08-16 16:43:41][org.springframework.context.annotation.ClassPathBeanDefinitionScanner]JSR-330 'javax.inject.Named' annotation found and supported for component scanning
[INFO] [2017-08-16 16:43:41][org.springframework.context.support.GenericApplicationContext]Refreshing org.springframework.context.support.GenericApplicationContext@3bc56049: startup date [Wed Aug 16 16:43:41 CST 2017]; root of context hierarchy
[INFO] [2017-08-16 16:43:41][org.springframework.context.support.PropertySourcesPlaceholderConfigurer]Loading properties file from class path resource [config.properties]
[INFO] [2017-08-16 16:43:41][org.springframework.beans.factory.annotation.AutowiredAnnotationBeanPostProcessor]JSR-330 'javax.inject.Inject' annotation found and supported for autowiring
[INFO] [2017-08-16 16:43:41][org.springframework.beans.factory.support.DefaultListableBeanFactory]Pre-instantiating singletons in org.springframework.beans.factory.support.DefaultListableBeanFactory@460509e3: defining beans [org.springframework.context.support.PropertySourcesPlaceholderConfigurer#0,loginController,user,org.springframework.context.annotation.internalConfigurationAnnotationProcessor,org.springframework.context.annotation.internalAutowiredAnnotationProcessor,org.springframework.context.annotation.internalRequiredAnnotationProcessor,org.springframework.context.annotation.internalCommonAnnotationProcessor,org.springframework.context.annotation.internalPersistenceAnnotationProcessor,org.springframework.aop.config.internalAutoProxyCreator,org.springframework.cache.annotation.AnnotationCacheOperationSource#0,org.springframework.cache.interceptor.CacheInterceptor#0,org.springframework.cache.config.internalCacheAdvisor,dataSource,sqlSessionFactory,org.mybatis.spring.mapper.MapperScannerConfigurer#0,cacheManager,cache,org.springframework.context.annotation.ConfigurationClassPostProcessor.importAwareProcessor,userMapper]; root of factory hierarchy
[INFO] [2017-08-16 16:43:44][org.springframework.cache.ehcache.EhCacheManagerFactoryBean]Initializing EHCache CacheManager
[INFO] [2017-08-16 16:43:45][org.springframework.context.support.GenericApplicationContext]Closing org.springframework.context.support.GenericApplicationContext@3bc56049: startup date [Wed Aug 16 16:43:41 CST 2017]; root of context hierarchy
[INFO] [2017-08-16 16:43:45][org.springframework.beans.factory.support.DefaultListableBeanFactory]Destroying singletons in org.springframework.beans.factory.support.DefaultListableBeanFactory@460509e3: defining beans [org.springframework.context.support.PropertySourcesPlaceholderConfigurer#0,loginController,user,org.springframework.context.annotation.internalConfigurationAnnotationProcessor,org.springframework.context.annotation.internalAutowiredAnnotationProcessor,org.springframework.context.annotation.internalRequiredAnnotationProcessor,org.springframework.context.annotation.internalCommonAnnotationProcessor,org.springframework.context.annotation.internalPersistenceAnnotationProcessor,org.springframework.aop.config.internalAutoProxyCreator,org.springframework.cache.annotation.AnnotationCacheOperationSource#0,org.springframework.cache.interceptor.CacheInterceptor#0,org.springframework.cache.config.internalCacheAdvisor,dataSource,sqlSessionFactory,org.mybatis.spring.mapper.MapperScannerConfigurer#0,cacheManager,cache,org.springframework.context.annotation.ConfigurationClassPostProcessor.importAwareProcessor,userMapper]; root of factory hierarchy
[INFO] [2017-08-16 16:43:45][org.springframework.cache.ehcache.EhCacheManagerFactoryBean]Shutting down EHCache CacheManager
